#-----------------------------------------------------------
# PlanAhead v14.7 (64-bit)
# Build 321239 by xbuild on Fri Sep 27 19:29:51 MDT 2013
# Start of session at: Sun Nov 28 22:15:22 2021
# Process ID: 26228
# Log file: D:/szdl/RS/planAhead_run_1/planAhead.log
# Journal file: D:/szdl/RS/planAhead_run_1/planAhead.jou
#-----------------------------------------------------------
INFO: [Common 17-78] Attempting to get a license: PlanAhead
INFO: [Common 17-290] Got license for PlanAhead
INFO: [Device 21-36] Loading parts and site information from D:/ise/14.7/ISE_DS/PlanAhead/data/parts/arch.xml
Parsing RTL primitives file [D:/ise/14.7/ISE_DS/PlanAhead/data/parts/xilinx/rtl/prims/rtl_prims.xml]
Finished parsing RTL primitives file [D:/ise/14.7/ISE_DS/PlanAhead/data/parts/xilinx/rtl/prims/rtl_prims.xml]
start_gui
source D:/szdl/RS/pa.fromNetlist.tcl
# create_project -name RS -dir "D:/szdl/RS/planAhead_run_1" -part xc7a100tfgg484-2L
# set_property design_mode GateLvl [get_property srcset [current_run -impl]]
# set_property edif_top_file "D:/szdl/RS/RS.ngc" [ get_property srcset [ current_run ] ]
# add_files -norecurse { {D:/szdl/RS} }
# set_param project.pinAheadLayout  yes
# set_property target_constrs_file "RS.ucf" [current_fileset -constrset]
Adding file 'D:/szdl/RS/RS.ucf' to fileset 'constrs_1'
# add_files [list {RS.ucf}] -fileset [get_property constrset [current_run]]
# link_design
Design is defaulting to srcset: sources_1
Design is defaulting to constrset: constrs_1
Design is defaulting to project part: xc7a100tfgg484-2L
Release 14.7 - ngc2edif P.20131013 (nt64)
Copyright (c) 1995-2013 Xilinx, Inc.  All rights reserved.
Reading design RS.ngc ...
WARNING:NetListWriters:298 - No output is written to RS.xncf, ignored.
Processing design ...
   Preping design's networks ...
   Preping design's macros ...
  finished :Prep
Writing EDIF netlist file RS.edif ...
ngc2edif: Total memory usage is 4316848 kilobytes

Parsing EDIF File [./planAhead_run_1/RS.data/cache/RS_ngc_zx.edif]
Finished Parsing EDIF File [./planAhead_run_1/RS.data/cache/RS_ngc_zx.edif]
INFO: [Netlist 29-17] Analyzing 2 Unisim elements for replacement
INFO: [Netlist 29-28] Unisim Transformation completed in 0 CPU seconds
Loading clock regions from D:/ise/14.7/ISE_DS/PlanAhead/data\parts/xilinx/artix7/artix7/xc7a100t/ClockRegion.xml
Loading clock buffers from D:/ise/14.7/ISE_DS/PlanAhead/data\parts/xilinx/artix7/artix7/xc7a100t/ClockBuffers.xml
Loading clock placement rules from D:/ise/14.7/ISE_DS/PlanAhead/data/parts/xilinx/artix7/ClockPlacerRules.xml
Loading package pin functions from D:/ise/14.7/ISE_DS/PlanAhead/data\parts/xilinx/artix7/PinFunctions.xml...
Loading package from D:/ise/14.7/ISE_DS/PlanAhead/data\parts/xilinx/artix7/artix7/xc7a100t/fgg484/Package.xml
Loading io standards from D:/ise/14.7/ISE_DS/PlanAhead/data\./parts/xilinx/artix7/IOStandards.xml
Loading device configuration modes from D:/ise/14.7/ISE_DS/PlanAhead/data\parts/xilinx/artix7/ConfigModes.xml
Loading list of drcs for the architecture : D:/ise/14.7/ISE_DS/PlanAhead/data\./parts/xilinx/artix7/drc.xml
Parsing UCF File [D:/szdl/RS/RS.ucf]
Finished Parsing UCF File [D:/szdl/RS/RS.ucf]
INFO: [Project 1-111] Unisim Transformation Summary:
  A total of 2 instances were transformed.
  LD => LDCE: 2 instances

Phase 0 | Netlist Checksum: ec88de4e
link_design: Time (s): elapsed = 00:00:08 . Memory (MB): peak = 856.449 ; gain = 367.629
set_property iostandard LVCMOS18 [get_ports [list Q]]
set_property iostandard LVCMOS18 [get_ports [list Qb]]
set_property iostandard LVCMOS18 [get_ports [list R]]
set_property iostandard LVCMOS18 [get_ports [list S]]
set_property pulltype PULLDOWN [get_ports [list R]]
set_property pulltype PULLDOWN [get_ports [list S]]
set_property package_pin "" [get_ports [list  Q]]
set_property package_pin "" [get_ports [list  R]]
startgroup
set_property package_pin R1 [get_ports Q]
endgroup
startgroup
set_property package_pin P2 [get_ports Qb]
endgroup
startgroup
set_property package_pin T3 [get_ports R]
endgroup
startgroup
set_property package_pin U3 [get_ports S]
endgroup
save_constraints
exit
ERROR: [PlanAhead 12-106] *** Exception: ui.h.b: Found deleted key in HTclEventBroker. Verify if the classes listed here call cleanup()
HTclEvent: DEBUG_CORE_CONFIG_CHANGE   Classes: ui.views.aR 
HTclEvent: SIGNAL_MODIFY   Classes: ui.views.aR 
HTclEvent: SIGNAL_BUS_MODIFY   Classes: ui.views.aR 
HTclEvent: DEBUG_PORT_CONFIG_CHANGE   Classes: ui.views.aR 
 (See D:/szdl/RS\planAhead_pid26228.debug)
ERROR: [Common 17-39] 'stop_gui' failed due to earlier errors.
INFO: [Common 17-206] Exiting PlanAhead at Sun Nov 28 22:16:36 2021...
INFO: [Common 17-83] Releasing license: PlanAhead
